<?xml version="1.0" encoding="UTF-8"?>
<!-- Generated by org.testng.reporters.JUnitReportReporter -->
<testsuite hostname="SPL-120" failures="0" tests="1" name="Auto.ignitesol.Test2" time="12.847" errors="0" timestamp="2021-07-07T10:56:54 IST" skipped="0">
  <testcase classname="Auto.ignitesol.Test2" name="Test" time="12.847"/>
  <system-out/>
</testsuite> <!-- Auto.ignitesol.Test2 -->
