<?xml version="1.0" encoding="UTF-8"?>
<!-- Generated by org.testng.reporters.JUnitReportReporter -->
<testsuite hostname="SPL-120" failures="0" tests="1" name="Auto.ignitesol.Bookdownloadcount" time="39.027" errors="0" timestamp="2021-07-07T14:09:02 IST" skipped="0">
  <testcase classname="Auto.ignitesol.Bookdownloadcount" name="Bookdownloadcount" time="39.027"/>
  <system-out/>
</testsuite> <!-- Auto.ignitesol.Bookdownloadcount -->
